[0304/181356.609:ERROR:process_memory_win.cc(73)] ReadMemory at 0x7ff742320000 of 64 bytes failed: Only part of a ReadProcessMemory or WriteProcessMemory request was completed. (0x12B)
[0304/181356.632:WARNING:pe_image_reader.cc(340)] could not read dos header from C:\Program Files (x86)\Google\Chrome\Application\chrome.exe
[0304/181356.632:ERROR:process_memory_win.cc(73)] ReadMemory at 0x7ff93cca0000 of 64 bytes failed: Only part of a ReadProcessMemory or WriteProcessMemory request was completed. (0x12B)
[0304/181356.632:WARNING:pe_image_reader.cc(340)] could not read dos header from C:\WINDOWS\SYSTEM32\ntdll.dll
[0304/181356.633:ERROR:process_memory_win.cc(73)] ReadMemory at 0x7ff93bec0000 of 64 bytes failed: Only part of a ReadProcessMemory or WriteProcessMemory request was completed. (0x12B)
[0304/181356.633:WARNING:pe_image_reader.cc(340)] could not read dos header from C:\WINDOWS\System32\KERNEL32.DLL
[0304/181356.633:ERROR:process_memory_win.cc(73)] ReadMemory at 0x7ff939d90000 of 64 bytes failed: Only part of a ReadProcessMemory or WriteProcessMemory request was completed. (0x12B)
[0304/181356.633:WARNING:pe_image_reader.cc(340)] could not read dos header from C:\WINDOWS\System32\KERNELBASE.dll
[0304/181356.633:ERROR:process_memory_win.cc(73)] ReadMemory at 0x7ff913390000 of 64 bytes failed: Only part of a ReadProcessMemory or WriteProcessMemory request was completed. (0x12B)
[0304/181356.633:WARNING:pe_image_reader.cc(340)] could not read dos header from C:\Program Files (x86)\Google\Chrome\Application\80.0.3987.132\chrome_elf.dll
[0304/181356.633:ERROR:process_memory_win.cc(73)] ReadMemory at 0x7ff933f20000 of 64 bytes failed: Only part of a ReadProcessMemory or WriteProcessMemory request was completed. (0x12B)
[0304/181356.633:WARNING:pe_image_reader.cc(340)] could not read dos header from C:\WINDOWS\SYSTEM32\VERSION.dll
[0304/181356.633:ERROR:process_memory_win.cc(73)] ReadMemory at 0x7ff93ad20000 of 64 bytes failed: Only part of a ReadProcessMemory or WriteProcessMemory request was completed. (0x12B)
[0304/181356.633:WARNING:pe_image_reader.cc(340)] could not read dos header from C:\WINDOWS\System32\msvcrt.dll
[0304/181356.633:ERROR:process_memory_win.cc(73)] ReadMemory at 0x7ff93aca0000 of 64 bytes failed: Only part of a ReadProcessMemory or WriteProcessMemory request was completed. (0x12B)
[0304/181356.633:WARNING:pe_image_reader.cc(340)] could not read dos header from C:\WINDOWS\System32\bcryptPrimitives.dll
[0304/181356.633:ERROR:process_memory_win.cc(73)] ReadMemory at 0x7ff93b6c0000 of 64 bytes failed: Only part of a ReadProcessMemory or WriteProcessMemory request was completed. (0x12B)
[0304/181356.633:WARNING:pe_image_reader.cc(340)] could not read dos header from C:\WINDOWS\System32\ADVAPI32.dll
[0304/181356.633:ERROR:process_memory_win.cc(73)] ReadMemory at 0x7ff93ca00000 of 64 bytes failed: Only part of a ReadProcessMemory or WriteProcessMemory request was completed. (0x12B)
[0304/181356.633:WARNING:pe_image_reader.cc(340)] could not read dos header from C:\WINDOWS\System32\sechost.dll
[0304/181356.633:ERROR:process_memory_win.cc(73)] ReadMemory at 0x7ff93b160000 of 64 bytes failed: Only part of a ReadProcessMemory or WriteProcessMemory request was completed. (0x12B)
[0304/181356.633:WARNING:pe_image_reader.cc(340)] could not read dos header from C:\WINDOWS\System32\RPCRT4.dll
[0304/181356.634:ERROR:process_memory_win.cc(73)] ReadMemory at 0x7ff8b8840000 of 64 bytes failed: Only part of a ReadProcessMemory or WriteProcessMemory request was completed. (0x12B)
[0304/181356.634:WARNING:pe_image_reader.cc(340)] could not read dos header from C:\Program Files (x86)\Google\Chrome\Application\80.0.3987.132\chrome.dll
[0304/181356.634:ERROR:process_memory_win.cc(73)] ReadMemory at 0x7ff93b5f0000 of 64 bytes failed: Only part of a ReadProcessMemory or WriteProcessMemory request was completed. (0x12B)
[0304/181356.634:WARNING:pe_image_reader.cc(340)] could not read dos header from C:\WINDOWS\System32\WS2_32.dll
[0304/181356.634:ERROR:process_memory_win.cc(73)] ReadMemory at 0x7ff93bcb0000 of 64 bytes failed: Only part of a ReadProcessMemory or WriteProcessMemory request was completed. (0x12B)
[0304/181356.634:WARNING:pe_image_reader.cc(340)] could not read dos header from C:\WINDOWS\System32\OLEAUT32.dll
[0304/181356.634:ERROR:process_memory_win.cc(73)] ReadMemory at 0x7ff93a040000 of 64 bytes failed: Only part of a ReadProcessMemory or WriteProcessMemory request was completed. (0x12B)
[0304/181356.634:WARNING:pe_image_reader.cc(340)] could not read dos header from C:\WINDOWS\System32\msvcp_win.dll
[0304/181356.634:ERROR:process_memory_win.cc(73)] ReadMemory at 0x7ff93a860000 of 64 bytes failed: Only part of a ReadProcessMemory or WriteProcessMemory request was completed. (0x12B)
[0304/181356.634:WARNING:pe_image_reader.cc(340)] could not read dos header from C:\WINDOWS\System32\ucrtbase.dll
[0304/181356.634:ERROR:process_memory_win.cc(73)] ReadMemory at 0x7ff93ae20000 of 64 bytes failed: Only part of a ReadProcessMemory or WriteProcessMemory request was completed. (0x12B)
[0304/181356.634:WARNING:pe_image_reader.cc(340)] could not read dos header from C:\WINDOWS\System32\combase.dll
[0304/181356.634:ERROR:process_memory_win.cc(73)] ReadMemory at 0x7ff939c30000 of 64 bytes failed: Only part of a ReadProcessMemory or WriteProcessMemory request was completed. (0x12B)
[0304/181356.634:WARNING:pe_image_reader.cc(340)] could not read dos header from C:\WINDOWS\System32\WINTRUST.dll
[0304/181356.634:ERROR:process_memory_win.cc(73)] ReadMemory at 0x7ff939bc0000 of 64 bytes failed: Only part of a ReadProcessMemory or WriteProcessMemory request was completed. (0x12B)
[0304/181356.634:WARNING:pe_image_reader.cc(340)] could not read dos header from C:\WINDOWS\System32\MSASN1.dll
[0304/181356.634:ERROR:process_memory_win.cc(73)] ReadMemory at 0x7ff93ab50000 of 64 bytes failed: Only part of a ReadProcessMemory or WriteProcessMemory request was completed. (0x12B)
[0304/181356.634:WARNING:pe_image_reader.cc(340)] could not read dos header from C:\WINDOWS\System32\CRYPT32.dll
[0304/181356.634:ERROR:process_memory_win.cc(73)] ReadMemory at 0x7ff9390c0000 of 64 bytes failed: Only part of a ReadProcessMemory or WriteProcessMemory request was completed. (0x12B)
[0304/181356.634:WARNING:pe_image_reader.cc(340)] could not read dos header from C:\WINDOWS\SYSTEM32\IPHLPAPI.DLL
[0304/181356.634:ERROR:process_memory_win.cc(73)] ReadMemory at 0x7ff937be0000 of 64 bytes failed: Only part of a ReadProcessMemory or WriteProcessMemory request was completed. (0x12B)
[0304/181356.634:WARNING:pe_image_reader.cc(340)] could not read dos header from C:\WINDOWS\SYSTEM32\WINMM.dll
[0304/181356.634:ERROR:process_memory_win.cc(73)] ReadMemory at 0x7ff929b70000 of 64 bytes failed: Only part of a ReadProcessMemory or WriteProcessMemory request was completed. (0x12B)
[0304/181356.634:WARNING:pe_image_reader.cc(340)] could not read dos header from C:\WINDOWS\SYSTEM32\Secur32.dll
[0304/181356.635:ERROR:process_memory_win.cc(73)] ReadMemory at 0x7ff939a60000 of 64 bytes failed: Only part of a ReadProcessMemory or WriteProcessMemory request was completed. (0x12B)
[0304/181356.635:WARNING:pe_image_reader.cc(340)] could not read dos header from C:\WINDOWS\SYSTEM32\USERENV.dll
[0304/181356.635:ERROR:process_memory_win.cc(73)] ReadMemory at 0x7ff939ba0000 of 64 bytes failed: Only part of a ReadProcessMemory or WriteProcessMemory request was completed. (0x12B)
[0304/181356.635:WARNING:pe_image_reader.cc(340)] could not read dos header from C:\WINDOWS\System32\profapi.dll
[0304/181356.635:ERROR:process_memory_win.cc(73)] ReadMemory at 0x7ff906ea0000 of 64 bytes failed: Only part of a ReadProcessMemory or WriteProcessMemory request was completed. (0x12B)
[0304/181356.635:WARNING:pe_image_reader.cc(340)] could not read dos header from C:\WINDOWS\SYSTEM32\UIAutomationCore.DLL
[0304/181356.635:ERROR:process_memory_win.cc(73)] ReadMemory at 0x7ff9295a0000 of 64 bytes failed: Only part of a ReadProcessMemory or WriteProcessMemory request was completed. (0x12B)
[0304/181356.635:WARNING:pe_image_reader.cc(340)] could not read dos header from C:\WINDOWS\SYSTEM32\DWrite.dll
[0304/181356.635:ERROR:process_memory_win.cc(73)] ReadMemory at 0x7ff926a40000 of 64 bytes failed: Only part of a ReadProcessMemory or WriteProcessMemory request was completed. (0x12B)
[0304/181356.635:WARNING:pe_image_reader.cc(340)] could not read dos header from C:\WINDOWS\SYSTEM32\WINSPOOL.DRV
[0304/181356.635:ERROR:process_memory_win.cc(73)] ReadMemory at 0x7ff939be0000 of 64 bytes failed: Only part of a ReadProcessMemory or WriteProcessMemory request was completed. (0x12B)
[0304/181356.635:WARNING:pe_image_reader.cc(340)] could not read dos header from C:\WINDOWS\System32\kernel.appcore.dll
[0304/181356.636:ERROR:process_memory_win.cc(73)] ReadMemory at 0x7ff939d60000 of 64 bytes failed: Only part of a ReadProcessMemory or WriteProcessMemory request was completed. (0x12B)
[0304/181356.636:WARNING:pe_image_reader.cc(340)] could not read dos header from C:\WINDOWS\System32\bcrypt.dll
[0304/181356.636:ERROR:process_memory_win.cc(73)] ReadMemory at 0x7ff925e50000 of 64 bytes failed: Only part of a ReadProcessMemory or WriteProcessMemory request was completed. (0x12B)
[0304/181356.636:WARNING:pe_image_reader.cc(340)] could not read dos header from C:\WINDOWS\SYSTEM32\dbghelp.dll
[0304/181356.636:ERROR:process_memory_win.cc(73)] ReadMemory at 0x7ff932c30000 of 64 bytes failed: Only part of a ReadProcessMemory or WriteProcessMemory request was completed. (0x12B)
[0304/181356.636:WARNING:pe_image_reader.cc(340)] could not read dos header from C:\WINDOWS\SYSTEM32\WINHTTP.dll
[0304/181356.636:ERROR:process_memory_win.cc(73)] ReadMemory at 0x7ff9321d0000 of 64 bytes failed: Only part of a ReadProcessMemory or WriteProcessMemory request was completed. (0x12B)
[0304/181356.636:WARNING:pe_image_reader.cc(340)] could not read dos header from C:\WINDOWS\SYSTEM32\dhcpcsvc.DLL
[0304/181356.636:ERROR:process_memory_win.cc(73)] ReadMemory at 0x7ff93cc20000 of 64 bytes failed: Only part of a ReadProcessMemory or WriteProcessMemory request was completed. (0x12B)
[0304/181356.636:WARNING:pe_image_reader.cc(340)] could not read dos header from C:\WINDOWS\System32\NSI.dll
[0304/181356.636:ERROR:process_memory_win.cc(73)] ReadMemory at 0x7ff937760000 of 64 bytes failed: Only part of a ReadProcessMemory or WriteProcessMemory request was completed. (0x12B)
[0304/181356.636:WARNING:pe_image_reader.cc(340)] could not read dos header from C:\WINDOWS\SYSTEM32\WINMMBASE.dll
[0304/181356.636:ERROR:process_memory_win.cc(73)] ReadMemory at 0x7ff93ab00000 of 64 bytes failed: Only part of a ReadProcessMemory or WriteProcessMemory request was completed. (0x12B)
[0304/181356.636:WARNING:pe_image_reader.cc(340)] could not read dos header from C:\WINDOWS\System32\cfgmgr32.dll
[0304/181356.636:ERROR:process_memory_win.cc(73)] ReadMemory at 0x7ff936590000 of 64 bytes failed: Only part of a ReadProcessMemory or WriteProcessMemory request was completed. (0x12B)
[0304/181356.636:WARNING:pe_image_reader.cc(340)] could not read dos header from C:\WINDOWS\SYSTEM32\PROPSYS.dll
[0304/181356.636:ERROR:process_memory_win.cc(73)] ReadMemory at 0x7ff93b790000 of 64 bytes failed: Only part of a ReadProcessMemory or WriteProcessMemory request was completed. (0x12B)
[0304/181356.636:WARNING:pe_image_reader.cc(340)] could not read dos header from C:\WINDOWS\System32\shcore.dll
[0304/181356.637:ERROR:process_memory_win.cc(73)] ReadMemory at 0x7ff939a30000 of 64 bytes failed: Only part of a ReadProcessMemory or WriteProcessMemory request was completed. (0x12B)
[0304/181356.637:WARNING:pe_image_reader.cc(340)] could not read dos header from C:\WINDOWS\SYSTEM32\SSPICLI.DLL
[0304/181356.637:ERROR:process_memory_win.cc(73)] ReadMemory at 0x7ff93caa0000 of 64 bytes failed: Only part of a ReadProcessMemory or WriteProcessMemory request was completed. (0x12B)
[0304/181356.637:WARNING:pe_image_reader.cc(340)] could not read dos header from C:\WINDOWS\System32\GDI32.dll
[0304/181356.637:ERROR:process_memory_win.cc(73)] ReadMemory at 0x7ff939c00000 of 64 bytes failed: Only part of a ReadProcessMemory or WriteProcessMemory request was completed. (0x12B)
[0304/181356.637:WARNING:pe_image_reader.cc(340)] could not read dos header from C:\WINDOWS\System32\win32u.dll
[0304/181356.637:ERROR:process_memory_win.cc(73)] ReadMemory at 0x7ff93a960000 of 64 bytes failed: Only part of a ReadProcessMemory or WriteProcessMemory request was completed. (0x12B)
[0304/181356.637:WARNING:pe_image_reader.cc(340)] could not read dos header from C:\WINDOWS\System32\gdi32full.dll
[0304/181356.637:ERROR:process_memory_win.cc(73)] ReadMemory at 0x7ff93c050000 of 64 bytes failed: Only part of a ReadProcessMemory or WriteProcessMemory request was completed. (0x12B)
[0304/181356.637:WARNING:pe_image_reader.cc(340)] could not read dos header from C:\WINDOWS\System32\USER32.dll
[0304/181356.637:ERROR:process_memory_win.cc(73)] ReadMemory at 0x7ff93c020000 of 64 bytes failed: Only part of a ReadProcessMemory or WriteProcessMemory request was completed. (0x12B)
[0304/181356.637:WARNING:pe_image_reader.cc(340)] could not read dos header from C:\WINDOWS\System32\IMM32.DLL
[0304/181356.637:ERROR:process_memory_win.cc(73)] ReadMemory at 0x7ff93c1f0000 of 64 bytes failed: Only part of a ReadProcessMemory or WriteProcessMemory request was completed. (0x12B)
[0304/181356.637:WARNING:pe_image_reader.cc(340)] could not read dos header from C:\WINDOWS\System32\SHELL32.dll
[0304/181356.637:ERROR:process_memory_win.cc(73)] ReadMemory at 0x7ff93a0e0000 of 64 bytes failed: Only part of a ReadProcessMemory or WriteProcessMemory request was completed. (0x12B)
[0304/181356.637:WARNING:pe_image_reader.cc(340)] could not read dos header from C:\WINDOWS\System32\windows.storage.dll
[0304/181356.638:ERROR:process_memory_win.cc(73)] ReadMemory at 0x7ff939b50000 of 64 bytes failed: Only part of a ReadProcessMemory or WriteProcessMemory request was completed. (0x12B)
[0304/181356.638:WARNING:pe_image_reader.cc(340)] could not read dos header from C:\WINDOWS\System32\powrprof.dll
[0304/181356.638:ERROR:process_memory_win.cc(73)] ReadMemory at 0x7ff939b40000 of 64 bytes failed: Only part of a ReadProcessMemory or WriteProcessMemory request was completed. (0x12B)
[0304/181356.638:WARNING:pe_image_reader.cc(340)] could not read dos header from C:\WINDOWS\System32\UMPDC.dll
[0304/181356.638:ERROR:process_memory_win.cc(73)] ReadMemory at 0x7ff93b660000 of 64 bytes failed: Only part of a ReadProcessMemory or WriteProcessMemory request was completed. (0x12B)
[0304/181356.638:WARNING:pe_image_reader.cc(340)] could not read dos header from C:\WINDOWS\System32\shlwapi.dll
[0304/181356.638:ERROR:process_memory_win.cc(73)] ReadMemory at 0x7ff939c90000 of 64 bytes failed: Only part of a ReadProcessMemory or WriteProcessMemory request was completed. (0x12B)
[0304/181356.638:WARNING:pe_image_reader.cc(340)] could not read dos header from C:\WINDOWS\System32\cryptsp.dll
[0304/181356.638:ERROR:process_memory_win.cc(73)] ReadMemory at 0x7ff939580000 of 64 bytes failed: Only part of a ReadProcessMemory or WriteProcessMemory request was completed. (0x12B)
[0304/181356.638:WARNING:pe_image_reader.cc(340)] could not read dos header from C:\WINDOWS\SYSTEM32\CRYPTBASE.DLL
[0304/181356.638:ERROR:process_memory_win.cc(73)] ReadMemory at 0x7ff935a10000 of 64 bytes failed: Only part of a ReadProcessMemory or WriteProcessMemory request was completed. (0x12B)
[0304/181356.638:WARNING:pe_image_reader.cc(340)] could not read dos header from C:\WINDOWS\system32\NLAapi.dll
[0304/181356.638:ERROR:process_memory_win.cc(73)] ReadMemory at 0x7ff9320c0000 of 64 bytes failed: Only part of a ReadProcessMemory or WriteProcessMemory request was completed. (0x12B)
[0304/181356.638:WARNING:pe_image_reader.cc(340)] could not read dos header from C:\WINDOWS\SYSTEM32\dhcpcsvc6.DLL
[0304/181356.638:ERROR:process_memory_win.cc(73)] ReadMemory at 0x7ff939100000 of 64 bytes failed: Only part of a ReadProcessMemory or WriteProcessMemory request was completed. (0x12B)
[0304/181356.638:WARNING:pe_image_reader.cc(340)] could not read dos header from C:\WINDOWS\SYSTEM32\DNSAPI.dll
[0304/181356.638:ERROR:process_memory_win.cc(73)] ReadMemory at 0x7ff930a70000 of 64 bytes failed: Only part of a ReadProcessMemory or WriteProcessMemory request was completed. (0x12B)
[0304/181356.638:WARNING:pe_image_reader.cc(340)] could not read dos header from C:\WINDOWS\SYSTEM32\wlanapi.dll
[0304/181356.638:ERROR:process_memory_win.cc(73)] ReadMemory at 0x7ff9393b0000 of 64 bytes failed: Only part of a ReadProcessMemory or WriteProcessMemory request was completed. (0x12B)
[0304/181356.638:WARNING:pe_image_reader.cc(340)] could not read dos header from C:\WINDOWS\system32\mswsock.dll
[0304/181356.638:ERROR:process_memory_win.cc(73)] ReadMemory at 0x7ff92a810000 of 64 bytes failed: Only part of a ReadProcessMemory or WriteProcessMemory request was completed. (0x12B)
[0304/181356.639:WARNING:pe_image_reader.cc(340)] could not read dos header from C:\Windows\System32\rasadhlp.dll
[0304/181356.639:ERROR:process_memory_win.cc(73)] ReadMemory at 0x7ff931a20000 of 64 bytes failed: Only part of a ReadProcessMemory or WriteProcessMemory request was completed. (0x12B)
[0304/181356.639:WARNING:pe_image_reader.cc(340)] could not read dos header from C:\WINDOWS\System32\fwpuclnt.dll
[0304/181356.639:ERROR:process_memory_win.cc(73)] ReadMemory at 0x7ff938f20000 of 64 bytes failed: Only part of a ReadProcessMemory or WriteProcessMemory request was completed. (0x12B)
[0304/181356.639:WARNING:pe_image_reader.cc(340)] could not read dos header from C:\WINDOWS\system32\rsaenh.dll
[0304/181356.639:ERROR:process_memory_win.cc(73)] ReadMemory at 0x7ff938760000 of 64 bytes failed: Only part of a ReadProcessMemory or WriteProcessMemory request was completed. (0x12B)
[0304/181356.639:WARNING:pe_image_reader.cc(340)] could not read dos header from C:\WINDOWS\SYSTEM32\gpapi.dll
[0304/181356.639:ERROR:process_memory_win.cc(73)] ReadMemory at 0x7ff924000000 of 64 bytes failed: Only part of a ReadProcessMemory or WriteProcessMemory request was completed. (0x12B)
[0304/181356.639:WARNING:pe_image_reader.cc(340)] could not read dos header from C:\Windows\System32\cryptnet.dll
[0304/181356.639:ERROR:process_memory_win.cc(73)] ReadMemory at 0x7ff938ba0000 of 64 bytes failed: Only part of a ReadProcessMemory or WriteProcessMemory request was completed. (0x12B)
[0304/181356.639:WARNING:pe_image_reader.cc(340)] could not read dos header from C:\WINDOWS\SYSTEM32\ntmarta.dll
[0304/181356.639:ERROR:process_memory_win.cc(73)] ReadMemory at 0x7ff742320000 of 64 bytes failed: Only part of a ReadProcessMemory or WriteProcessMemory request was completed. (0x12B)
[0304/181356.639:WARNING:pe_image_reader.cc(340)] could not read dos header from C:\Program Files (x86)\Google\Chrome\Application\chrome.exe
[0304/181356.639:ERROR:process_memory_win.cc(73)] ReadMemory at 0x7ff93cca0000 of 64 bytes failed: Only part of a ReadProcessMemory or WriteProcessMemory request was completed. (0x12B)
[0304/181356.639:WARNING:pe_image_reader.cc(340)] could not read dos header from C:\WINDOWS\SYSTEM32\ntdll.dll
[0304/181356.639:ERROR:process_memory_win.cc(73)] ReadMemory at 0x7ff93bec0000 of 64 bytes failed: Only part of a ReadProcessMemory or WriteProcessMemory request was completed. (0x12B)
[0304/181356.639:WARNING:pe_image_reader.cc(340)] could not read dos header from C:\WINDOWS\System32\KERNEL32.DLL
[0304/181356.639:ERROR:process_memory_win.cc(73)] ReadMemory at 0x7ff939d90000 of 64 bytes failed: Only part of a ReadProcessMemory or WriteProcessMemory request was completed. (0x12B)
[0304/181356.639:WARNING:pe_image_reader.cc(340)] could not read dos header from C:\WINDOWS\System32\KERNELBASE.dll
[0304/181356.639:ERROR:process_memory_win.cc(73)] ReadMemory at 0x7ff913390000 of 64 bytes failed: Only part of a ReadProcessMemory or WriteProcessMemory request was completed. (0x12B)
[0304/181356.639:WARNING:pe_image_reader.cc(340)] could not read dos header from C:\Program Files (x86)\Google\Chrome\Application\80.0.3987.132\chrome_elf.dll
[0304/181356.639:ERROR:process_memory_win.cc(73)] ReadMemory at 0x7ff933f20000 of 64 bytes failed: Only part of a ReadProcessMemory or WriteProcessMemory request was completed. (0x12B)
[0304/181356.640:WARNING:pe_image_reader.cc(340)] could not read dos header from C:\WINDOWS\SYSTEM32\VERSION.dll
[0304/181356.640:ERROR:process_memory_win.cc(73)] ReadMemory at 0x7ff93ad20000 of 64 bytes failed: Only part of a ReadProcessMemory or WriteProcessMemory request was completed. (0x12B)
[0304/181356.640:WARNING:pe_image_reader.cc(340)] could not read dos header from C:\WINDOWS\System32\msvcrt.dll
[0304/181356.640:ERROR:process_memory_win.cc(73)] ReadMemory at 0x7ff93aca0000 of 64 bytes failed: Only part of a ReadProcessMemory or WriteProcessMemory request was completed. (0x12B)
[0304/181356.640:WARNING:pe_image_reader.cc(340)] could not read dos header from C:\WINDOWS\System32\bcryptPrimitives.dll
[0304/181356.640:ERROR:process_memory_win.cc(73)] ReadMemory at 0x7ff93b6c0000 of 64 bytes failed: Only part of a ReadProcessMemory or WriteProcessMemory request was completed. (0x12B)
[0304/181356.640:WARNING:pe_image_reader.cc(340)] could not read dos header from C:\WINDOWS\System32\ADVAPI32.dll
[0304/181356.640:ERROR:process_memory_win.cc(73)] ReadMemory at 0x7ff93ca00000 of 64 bytes failed: Only part of a ReadProcessMemory or WriteProcessMemory request was completed. (0x12B)
[0304/181356.640:WARNING:pe_image_reader.cc(340)] could not read dos header from C:\WINDOWS\System32\sechost.dll
[0304/181356.640:ERROR:process_memory_win.cc(73)] ReadMemory at 0x7ff93b160000 of 64 bytes failed: Only part of a ReadProcessMemory or WriteProcessMemory request was completed. (0x12B)
[0304/181356.640:WARNING:pe_image_reader.cc(340)] could not read dos header from C:\WINDOWS\System32\RPCRT4.dll
[0304/181356.640:ERROR:process_memory_win.cc(73)] ReadMemory at 0x7ff8b8840000 of 64 bytes failed: Only part of a ReadProcessMemory or WriteProcessMemory request was completed. (0x12B)
[0304/181356.640:WARNING:pe_image_reader.cc(340)] could not read dos header from C:\Program Files (x86)\Google\Chrome\Application\80.0.3987.132\chrome.dll
[0304/181356.640:ERROR:process_memory_win.cc(73)] ReadMemory at 0x7ff93b5f0000 of 64 bytes failed: Only part of a ReadProcessMemory or WriteProcessMemory request was completed. (0x12B)
[0304/181356.640:WARNING:pe_image_reader.cc(340)] could not read dos header from C:\WINDOWS\System32\WS2_32.dll
[0304/181356.640:ERROR:process_memory_win.cc(73)] ReadMemory at 0x7ff93bcb0000 of 64 bytes failed: Only part of a ReadProcessMemory or WriteProcessMemory request was completed. (0x12B)
[0304/181356.640:WARNING:pe_image_reader.cc(340)] could not read dos header from C:\WINDOWS\System32\OLEAUT32.dll
[0304/181356.640:ERROR:process_memory_win.cc(73)] ReadMemory at 0x7ff93a040000 of 64 bytes failed: Only part of a ReadProcessMemory or WriteProcessMemory request was completed. (0x12B)
[0304/181356.640:WARNING:pe_image_reader.cc(340)] could not read dos header from C:\WINDOWS\System32\msvcp_win.dll
[0304/181356.640:ERROR:process_memory_win.cc(73)] ReadMemory at 0x7ff93a860000 of 64 bytes failed: Only part of a ReadProcessMemory or WriteProcessMemory request was completed. (0x12B)
[0304/181356.640:WARNING:pe_image_reader.cc(340)] could not read dos header from C:\WINDOWS\System32\ucrtbase.dll
[0304/181356.640:ERROR:process_memory_win.cc(73)] ReadMemory at 0x7ff93ae20000 of 64 bytes failed: Only part of a ReadProcessMemory or WriteProcessMemory request was completed. (0x12B)
[0304/181356.640:WARNING:pe_image_reader.cc(340)] could not read dos header from C:\WINDOWS\System32\combase.dll
[0304/181356.641:ERROR:process_memory_win.cc(73)] ReadMemory at 0x7ff939c30000 of 64 bytes failed: Only part of a ReadProcessMemory or WriteProcessMemory request was completed. (0x12B)
[0304/181356.641:WARNING:pe_image_reader.cc(340)] could not read dos header from C:\WINDOWS\System32\WINTRUST.dll
[0304/181356.641:ERROR:process_memory_win.cc(73)] ReadMemory at 0x7ff939bc0000 of 64 bytes failed: Only part of a ReadProcessMemory or WriteProcessMemory request was completed. (0x12B)
[0304/181356.641:WARNING:pe_image_reader.cc(340)] could not read dos header from C:\WINDOWS\System32\MSASN1.dll
[0304/181356.641:ERROR:process_memory_win.cc(73)] ReadMemory at 0x7ff93ab50000 of 64 bytes failed: Only part of a ReadProcessMemory or WriteProcessMemory request was completed. (0x12B)
[0304/181356.641:WARNING:pe_image_reader.cc(340)] could not read dos header from C:\WINDOWS\System32\CRYPT32.dll
[0304/181356.641:ERROR:process_memory_win.cc(73)] ReadMemory at 0x7ff9390c0000 of 64 bytes failed: Only part of a ReadProcessMemory or WriteProcessMemory request was completed. (0x12B)
[0304/181356.641:WARNING:pe_image_reader.cc(340)] could not read dos header from C:\WINDOWS\SYSTEM32\IPHLPAPI.DLL
[0304/181356.641:ERROR:process_memory_win.cc(73)] ReadMemory at 0x7ff937be0000 of 64 bytes failed: Only part of a ReadProcessMemory or WriteProcessMemory request was completed. (0x12B)
[0304/181356.641:WARNING:pe_image_reader.cc(340)] could not read dos header from C:\WINDOWS\SYSTEM32\WINMM.dll
[0304/181356.641:ERROR:process_memory_win.cc(73)] ReadMemory at 0x7ff929b70000 of 64 bytes failed: Only part of a ReadProcessMemory or WriteProcessMemory request was completed. (0x12B)
[0304/181356.641:WARNING:pe_image_reader.cc(340)] could not read dos header from C:\WINDOWS\SYSTEM32\Secur32.dll
[0304/181356.641:ERROR:process_memory_win.cc(73)] ReadMemory at 0x7ff939a60000 of 64 bytes failed: Only part of a ReadProcessMemory or WriteProcessMemory request was completed. (0x12B)
[0304/181356.641:WARNING:pe_image_reader.cc(340)] could not read dos header from C:\WINDOWS\SYSTEM32\USERENV.dll
[0304/181356.641:ERROR:process_memory_win.cc(73)] ReadMemory at 0x7ff939ba0000 of 64 bytes failed: Only part of a ReadProcessMemory or WriteProcessMemory request was completed. (0x12B)
[0304/181356.641:WARNING:pe_image_reader.cc(340)] could not read dos header from C:\WINDOWS\System32\profapi.dll
[0304/181356.641:ERROR:process_memory_win.cc(73)] ReadMemory at 0x7ff906ea0000 of 64 bytes failed: Only part of a ReadProcessMemory or WriteProcessMemory request was completed. (0x12B)
[0304/181356.641:WARNING:pe_image_reader.cc(340)] could not read dos header from C:\WINDOWS\SYSTEM32\UIAutomationCore.DLL
[0304/181356.641:ERROR:process_memory_win.cc(73)] ReadMemory at 0x7ff9295a0000 of 64 bytes failed: Only part of a ReadProcessMemory or WriteProcessMemory request was completed. (0x12B)
[0304/181356.641:WARNING:pe_image_reader.cc(340)] could not read dos header from C:\WINDOWS\SYSTEM32\DWrite.dll
[0304/181356.641:ERROR:process_memory_win.cc(73)] ReadMemory at 0x7ff926a40000 of 64 bytes failed: Only part of a ReadProcessMemory or WriteProcessMemory request was completed. (0x12B)
[0304/181356.642:WARNING:pe_image_reader.cc(340)] could not read dos header from C:\WINDOWS\SYSTEM32\WINSPOOL.DRV
[0304/181356.642:ERROR:process_memory_win.cc(73)] ReadMemory at 0x7ff939be0000 of 64 bytes failed: Only part of a ReadProcessMemory or WriteProcessMemory request was completed. (0x12B)
[0304/181356.642:WARNING:pe_image_reader.cc(340)] could not read dos header from C:\WINDOWS\System32\kernel.appcore.dll
[0304/181356.642:ERROR:process_memory_win.cc(73)] ReadMemory at 0x7ff939d60000 of 64 bytes failed: Only part of a ReadProcessMemory or WriteProcessMemory request was completed. (0x12B)
[0304/181356.642:WARNING:pe_image_reader.cc(340)] could not read dos header from C:\WINDOWS\System32\bcrypt.dll
[0304/181356.642:ERROR:process_memory_win.cc(73)] ReadMemory at 0x7ff925e50000 of 64 bytes failed: Only part of a ReadProcessMemory or WriteProcessMemory request was completed. (0x12B)
[0304/181356.642:WARNING:pe_image_reader.cc(340)] could not read dos header from C:\WINDOWS\SYSTEM32\dbghelp.dll
[0304/181356.642:ERROR:process_memory_win.cc(73)] ReadMemory at 0x7ff932c30000 of 64 bytes failed: Only part of a ReadProcessMemory or WriteProcessMemory request was completed. (0x12B)
[0304/181356.642:WARNING:pe_image_reader.cc(340)] could not read dos header from C:\WINDOWS\SYSTEM32\WINHTTP.dll
[0304/181356.642:ERROR:process_memory_win.cc(73)] ReadMemory at 0x7ff9321d0000 of 64 bytes failed: Only part of a ReadProcessMemory or WriteProcessMemory request was completed. (0x12B)
[0304/181356.642:WARNING:pe_image_reader.cc(340)] could not read dos header from C:\WINDOWS\SYSTEM32\dhcpcsvc.DLL
[0304/181356.642:ERROR:process_memory_win.cc(73)] ReadMemory at 0x7ff93cc20000 of 64 bytes failed: Only part of a ReadProcessMemory or WriteProcessMemory request was completed. (0x12B)
[0304/181356.642:WARNING:pe_image_reader.cc(340)] could not read dos header from C:\WINDOWS\System32\NSI.dll
[0304/181356.642:ERROR:process_memory_win.cc(73)] ReadMemory at 0x7ff937760000 of 64 bytes failed: Only part of a ReadProcessMemory or WriteProcessMemory request was completed. (0x12B)
[0304/181356.642:WARNING:pe_image_reader.cc(340)] could not read dos header from C:\WINDOWS\SYSTEM32\WINMMBASE.dll
[0304/181356.642:ERROR:process_memory_win.cc(73)] ReadMemory at 0x7ff93ab00000 of 64 bytes failed: Only part of a ReadProcessMemory or WriteProcessMemory request was completed. (0x12B)
[0304/181356.642:WARNING:pe_image_reader.cc(340)] could not read dos header from C:\WINDOWS\System32\cfgmgr32.dll
[0304/181356.642:ERROR:process_memory_win.cc(73)] ReadMemory at 0x7ff936590000 of 64 bytes failed: Only part of a ReadProcessMemory or WriteProcessMemory request was completed. (0x12B)
[0304/181356.642:WARNING:pe_image_reader.cc(340)] could not read dos header from C:\WINDOWS\SYSTEM32\PROPSYS.dll
[0304/181356.642:ERROR:process_memory_win.cc(73)] ReadMemory at 0x7ff93b790000 of 64 bytes failed: Only part of a ReadProcessMemory or WriteProcessMemory request was completed. (0x12B)
[0304/181356.642:WARNING:pe_image_reader.cc(340)] could not read dos header from C:\WINDOWS\System32\shcore.dll
[0304/181356.642:ERROR:process_memory_win.cc(73)] ReadMemory at 0x7ff939a30000 of 64 bytes failed: Only part of a ReadProcessMemory or WriteProcessMemory request was completed. (0x12B)
[0304/181356.642:WARNING:pe_image_reader.cc(340)] could not read dos header from C:\WINDOWS\SYSTEM32\SSPICLI.DLL
[0304/181356.642:ERROR:process_memory_win.cc(73)] ReadMemory at 0x7ff93caa0000 of 64 bytes failed: Only part of a ReadProcessMemory or WriteProcessMemory request was completed. (0x12B)
[0304/181356.642:WARNING:pe_image_reader.cc(340)] could not read dos header from C:\WINDOWS\System32\GDI32.dll
[0304/181356.643:ERROR:process_memory_win.cc(73)] ReadMemory at 0x7ff939c00000 of 64 bytes failed: Only part of a ReadProcessMemory or WriteProcessMemory request was completed. (0x12B)
[0304/181356.643:WARNING:pe_image_reader.cc(340)] could not read dos header from C:\WINDOWS\System32\win32u.dll
[0304/181356.643:ERROR:process_memory_win.cc(73)] ReadMemory at 0x7ff93a960000 of 64 bytes failed: Only part of a ReadProcessMemory or WriteProcessMemory request was completed. (0x12B)
[0304/181356.643:WARNING:pe_image_reader.cc(340)] could not read dos header from C:\WINDOWS\System32\gdi32full.dll
[0304/181356.643:ERROR:process_memory_win.cc(73)] ReadMemory at 0x7ff93c050000 of 64 bytes failed: Only part of a ReadProcessMemory or WriteProcessMemory request was completed. (0x12B)
[0304/181356.643:WARNING:pe_image_reader.cc(340)] could not read dos header from C:\WINDOWS\System32\USER32.dll
[0304/181356.643:ERROR:process_memory_win.cc(73)] ReadMemory at 0x7ff93c020000 of 64 bytes failed: Only part of a ReadProcessMemory or WriteProcessMemory request was completed. (0x12B)
[0304/181356.643:WARNING:pe_image_reader.cc(340)] could not read dos header from C:\WINDOWS\System32\IMM32.DLL
[0304/181356.643:ERROR:process_memory_win.cc(73)] ReadMemory at 0x7ff93c1f0000 of 64 bytes failed: Only part of a ReadProcessMemory or WriteProcessMemory request was completed. (0x12B)
[0304/181356.643:WARNING:pe_image_reader.cc(340)] could not read dos header from C:\WINDOWS\System32\SHELL32.dll
[0304/181356.643:ERROR:process_memory_win.cc(73)] ReadMemory at 0x7ff93a0e0000 of 64 bytes failed: Only part of a ReadProcessMemory or WriteProcessMemory request was completed. (0x12B)
[0304/181356.643:WARNING:pe_image_reader.cc(340)] could not read dos header from C:\WINDOWS\System32\windows.storage.dll
[0304/181356.643:ERROR:process_memory_win.cc(73)] ReadMemory at 0x7ff939b50000 of 64 bytes failed: Only part of a ReadProcessMemory or WriteProcessMemory request was completed. (0x12B)
[0304/181356.643:WARNING:pe_image_reader.cc(340)] could not read dos header from C:\WINDOWS\System32\powrprof.dll
[0304/181356.643:ERROR:process_memory_win.cc(73)] ReadMemory at 0x7ff939b40000 of 64 bytes failed: Only part of a ReadProcessMemory or WriteProcessMemory request was completed. (0x12B)
[0304/181356.643:WARNING:pe_image_reader.cc(340)] could not read dos header from C:\WINDOWS\System32\UMPDC.dll
[0304/181356.643:ERROR:process_memory_win.cc(73)] ReadMemory at 0x7ff93b660000 of 64 bytes failed: Only part of a ReadProcessMemory or WriteProcessMemory request was completed. (0x12B)
[0304/181356.643:WARNING:pe_image_reader.cc(340)] could not read dos header from C:\WINDOWS\System32\shlwapi.dll
[0304/181356.643:ERROR:process_memory_win.cc(73)] ReadMemory at 0x7ff939c90000 of 64 bytes failed: Only part of a ReadProcessMemory or WriteProcessMemory request was completed. (0x12B)
[0304/181356.643:WARNING:pe_image_reader.cc(340)] could not read dos header from C:\WINDOWS\System32\cryptsp.dll
[0304/181356.643:ERROR:process_memory_win.cc(73)] ReadMemory at 0x7ff939580000 of 64 bytes failed: Only part of a ReadProcessMemory or WriteProcessMemory request was completed. (0x12B)
[0304/181356.643:WARNING:pe_image_reader.cc(340)] could not read dos header from C:\WINDOWS\SYSTEM32\CRYPTBASE.DLL
[0304/181356.643:ERROR:process_memory_win.cc(73)] ReadMemory at 0x7ff935a10000 of 64 bytes failed: Only part of a ReadProcessMemory or WriteProcessMemory request was completed. (0x12B)
[0304/181356.643:WARNING:pe_image_reader.cc(340)] could not read dos header from C:\WINDOWS\system32\NLAapi.dll
[0304/181356.643:ERROR:process_memory_win.cc(73)] ReadMemory at 0x7ff9320c0000 of 64 bytes failed: Only part of a ReadProcessMemory or WriteProcessMemory request was completed. (0x12B)
[0304/181356.643:WARNING:pe_image_reader.cc(340)] could not read dos header from C:\WINDOWS\SYSTEM32\dhcpcsvc6.DLL
[0304/181356.643:ERROR:process_memory_win.cc(73)] ReadMemory at 0x7ff939100000 of 64 bytes failed: Only part of a ReadProcessMemory or WriteProcessMemory request was completed. (0x12B)
[0304/181356.644:WARNING:pe_image_reader.cc(340)] could not read dos header from C:\WINDOWS\SYSTEM32\DNSAPI.dll
[0304/181356.644:ERROR:process_memory_win.cc(73)] ReadMemory at 0x7ff930a70000 of 64 bytes failed: Only part of a ReadProcessMemory or WriteProcessMemory request was completed. (0x12B)
[0304/181356.644:WARNING:pe_image_reader.cc(340)] could not read dos header from C:\WINDOWS\SYSTEM32\wlanapi.dll
[0304/181356.644:ERROR:process_memory_win.cc(73)] ReadMemory at 0x7ff9393b0000 of 64 bytes failed: Only part of a ReadProcessMemory or WriteProcessMemory request was completed. (0x12B)
[0304/181356.644:WARNING:pe_image_reader.cc(340)] could not read dos header from C:\WINDOWS\system32\mswsock.dll
[0304/181356.644:ERROR:process_memory_win.cc(73)] ReadMemory at 0x7ff92a810000 of 64 bytes failed: Only part of a ReadProcessMemory or WriteProcessMemory request was completed. (0x12B)
[0304/181356.644:WARNING:pe_image_reader.cc(340)] could not read dos header from C:\Windows\System32\rasadhlp.dll
[0304/181356.644:ERROR:process_memory_win.cc(73)] ReadMemory at 0x7ff931a20000 of 64 bytes failed: Only part of a ReadProcessMemory or WriteProcessMemory request was completed. (0x12B)
[0304/181356.644:WARNING:pe_image_reader.cc(340)] could not read dos header from C:\WINDOWS\System32\fwpuclnt.dll
[0304/181356.644:ERROR:process_memory_win.cc(73)] ReadMemory at 0x7ff938f20000 of 64 bytes failed: Only part of a ReadProcessMemory or WriteProcessMemory request was completed. (0x12B)
[0304/181356.644:WARNING:pe_image_reader.cc(340)] could not read dos header from C:\WINDOWS\system32\rsaenh.dll
[0304/181356.644:ERROR:process_memory_win.cc(73)] ReadMemory at 0x7ff938760000 of 64 bytes failed: Only part of a ReadProcessMemory or WriteProcessMemory request was completed. (0x12B)
[0304/181356.644:WARNING:pe_image_reader.cc(340)] could not read dos header from C:\WINDOWS\SYSTEM32\gpapi.dll
[0304/181356.644:ERROR:process_memory_win.cc(73)] ReadMemory at 0x7ff924000000 of 64 bytes failed: Only part of a ReadProcessMemory or WriteProcessMemory request was completed. (0x12B)
[0304/181356.644:WARNING:pe_image_reader.cc(340)] could not read dos header from C:\Windows\System32\cryptnet.dll
[0304/181356.644:ERROR:process_memory_win.cc(73)] ReadMemory at 0x7ff938ba0000 of 64 bytes failed: Only part of a ReadProcessMemory or WriteProcessMemory request was completed. (0x12B)
[0304/181356.644:WARNING:pe_image_reader.cc(340)] could not read dos header from C:\WINDOWS\SYSTEM32\ntmarta.dll
[0304/181356.655:ERROR:process_memory_win.cc(73)] ReadMemory at 0x5d809fa000 of 24576 bytes failed: Only part of a ReadProcessMemory or WriteProcessMemory request was completed. (0x12B)
[0304/181356.655:ERROR:process_memory_win.cc(73)] ReadMemory at 0x5d80105000 of 852 bytes failed: Only part of a ReadProcessMemory or WriteProcessMemory request was completed. (0x12B)
[0304/181356.655:ERROR:process_memory_win.cc(73)] ReadMemory at 0x5d80106000 of 6024 bytes failed: Only part of a ReadProcessMemory or WriteProcessMemory request was completed. (0x12B)
[0304/181356.655:ERROR:process_memory_win.cc(73)] ReadMemory at 0x1f3ccb40fe0 of 6456 bytes failed: Only part of a ReadProcessMemory or WriteProcessMemory request was completed. (0x12B)
[0304/181356.656:ERROR:process_memory_win.cc(73)] ReadMemory at 0x1f3ccb42920 of 1012 bytes failed: Only part of a ReadProcessMemory or WriteProcessMemory request was completed. (0x12B)
[0304/181356.656:ERROR:process_memory_win.cc(73)] ReadMemory at 0x1f3ccb42f68 of 118 bytes failed: Only part of a ReadProcessMemory or WriteProcessMemory request was completed. (0x12B)
[0304/181356.656:ERROR:process_memory_win.cc(73)] ReadMemory at 0x1f3ccb42fe0 of 826 bytes failed: Only part of a ReadProcessMemory or WriteProcessMemory request was completed. (0x12B)
[0304/181356.656:ERROR:process_memory_win.cc(73)] ReadMemory at 0x1f3ccb4331c of 118 bytes failed: Only part of a ReadProcessMemory or WriteProcessMemory request was completed. (0x12B)
[0304/181356.656:ERROR:process_memory_win.cc(73)] ReadMemory at 0x1f3ccb43394 of 30 bytes failed: Only part of a ReadProcessMemory or WriteProcessMemory request was completed. (0x12B)
[0304/181356.656:ERROR:process_memory_win.cc(73)] ReadMemory at 0x1f3ccb433c0 of 58 bytes failed: Only part of a ReadProcessMemory or WriteProcessMemory request was completed. (0x12B)
[0304/181356.656:ERROR:process_memory_win.cc(73)] ReadMemory at 0x1f3ccb434c0 of 132 bytes failed: Only part of a ReadProcessMemory or WriteProcessMemory request was completed. (0x12B)
[0304/181356.656:ERROR:process_memory_win.cc(73)] ReadMemory at 0x1f3ccb43650 of 132 bytes failed: Only part of a ReadProcessMemory or WriteProcessMemory request was completed. (0x12B)
[0304/181356.656:ERROR:process_memory_win.cc(73)] ReadMemory at 0x1f3ccb43810 of 126 bytes failed: Only part of a ReadProcessMemory or WriteProcessMemory request was completed. (0x12B)
[0304/181356.656:ERROR:process_memory_win.cc(73)] ReadMemory at 0x1f3ccb43bf0 of 132 bytes failed: Only part of a ReadProcessMemory or WriteProcessMemory request was completed. (0x12B)
[0304/181356.656:ERROR:process_memory_win.cc(73)] ReadMemory at 0x1f3ccb43d80 of 64 bytes failed: Only part of a ReadProcessMemory or WriteProcessMemory request was completed. (0x12B)
[0304/181356.656:ERROR:process_memory_win.cc(73)] ReadMemory at 0x1f3ccb43dd0 of 132 bytes failed: Only part of a ReadProcessMemory or WriteProcessMemory request was completed. (0x12B)
[0304/181356.656:ERROR:process_memory_win.cc(73)] ReadMemory at 0x1f3ccb43f40 of 132 bytes failed: Only part of a ReadProcessMemory or WriteProcessMemory request was completed. (0x12B)
[0304/181356.657:ERROR:process_memory_win.cc(73)] ReadMemory at 0x1f3ccb441e0 of 132 bytes failed: Only part of a ReadProcessMemory or WriteProcessMemory request was completed. (0x12B)
[0304/181356.657:ERROR:process_memory_win.cc(73)] ReadMemory at 0x1f3ccb44370 of 68 bytes failed: Only part of a ReadProcessMemory or WriteProcessMemory request was completed. (0x12B)
[0304/181356.657:ERROR:process_memory_win.cc(73)] ReadMemory at 0x1f3ccb45460 of 132 bytes failed: Only part of a ReadProcessMemory or WriteProcessMemory request was completed. (0x12B)
[0304/181356.657:ERROR:process_memory_win.cc(73)] ReadMemory at 0x1f3ccb455f0 of 154 bytes failed: Only part of a ReadProcessMemory or WriteProcessMemory request was completed. (0x12B)
[0304/181356.657:ERROR:process_memory_win.cc(73)] ReadMemory at 0x1f3ccb463e0 of 132 bytes failed: Only part of a ReadProcessMemory or WriteProcessMemory request was completed. (0x12B)
[0304/181356.657:ERROR:process_memory_win.cc(73)] ReadMemory at 0x1f3ccb466ac of 512 bytes failed: Only part of a ReadProcessMemory or WriteProcessMemory request was completed. (0x12B)
[0304/181356.657:ERROR:process_memory_win.cc(73)] ReadMemory at 0x1f3ccb46ce0 of 132 bytes failed: Only part of a ReadProcessMemory or WriteProcessMemory request was completed. (0x12B)
[0304/181356.657:ERROR:process_memory_win.cc(73)] ReadMemory at 0x1f3ccb46e10 of 132 bytes failed: Only part of a ReadProcessMemory or WriteProcessMemory request was completed. (0x12B)
[0304/181356.657:ERROR:process_memory_win.cc(73)] ReadMemory at 0x1f3ccb47de0 of 62 bytes failed: Only part of a ReadProcessMemory or WriteProcessMemory request was completed. (0x12B)
[0304/181356.657:ERROR:process_memory_win.cc(73)] ReadMemory at 0x1f3ccb47e30 of 146 bytes failed: Only part of a ReadProcessMemory or WriteProcessMemory request was completed. (0x12B)
[0304/181356.657:ERROR:process_memory_win.cc(73)] ReadMemory at 0x1f3ccb47f70 of 60 bytes failed: Only part of a ReadProcessMemory or WriteProcessMemory request was completed. (0x12B)
[0304/181356.657:ERROR:process_memory_win.cc(73)] ReadMemory at 0x1f3ccb480c0 of 132 bytes failed: Only part of a ReadProcessMemory or WriteProcessMemory request was completed. (0x12B)
[0304/181356.657:ERROR:process_memory_win.cc(73)] ReadMemory at 0x1f3ccb48420 of 132 bytes failed: Only part of a ReadProcessMemory or WriteProcessMemory request was completed. (0x12B)
[0304/181356.657:ERROR:process_memory_win.cc(73)] ReadMemory at 0x1f3ccb4aaa0 of 132 bytes failed: Only part of a ReadProcessMemory or WriteProcessMemory request was completed. (0x12B)
[0304/181356.657:ERROR:process_memory_win.cc(73)] ReadMemory at 0x1f3ccb4abd0 of 132 bytes failed: Only part of a ReadProcessMemory or WriteProcessMemory request was completed. (0x12B)
[0304/181356.658:ERROR:process_memory_win.cc(73)] ReadMemory at 0x1f3ccb4ad60 of 80 bytes failed: Only part of a ReadProcessMemory or WriteProcessMemory request was completed. (0x12B)
[0304/181356.658:ERROR:process_memory_win.cc(73)] ReadMemory at 0x1f3ccb4af50 of 66 bytes failed: Only part of a ReadProcessMemory or WriteProcessMemory request was completed. (0x12B)
[0304/181356.658:ERROR:process_memory_win.cc(73)] ReadMemory at 0x1f3ccb4afa0 of 62 bytes failed: Only part of a ReadProcessMemory or WriteProcessMemory request was completed. (0x12B)
[0304/181356.658:ERROR:process_memory_win.cc(73)] ReadMemory at 0x1f3ccb4aff0 of 64 bytes failed: Only part of a ReadProcessMemory or WriteProcessMemory request was completed. (0x12B)
[0304/181356.658:ERROR:process_memory_win.cc(73)] ReadMemory at 0x1f3ccb4b090 of 60 bytes failed: Only part of a ReadProcessMemory or WriteProcessMemory request was completed. (0x12B)
[0304/181356.658:ERROR:process_memory_win.cc(73)] ReadMemory at 0x1f3ccb4b180 of 64 bytes failed: Only part of a ReadProcessMemory or WriteProcessMemory request was completed. (0x12B)
[0304/181356.658:ERROR:process_memory_win.cc(73)] ReadMemory at 0x1f3ccb4b4f0 of 64 bytes failed: Only part of a ReadProcessMemory or WriteProcessMemory request was completed. (0x12B)
[0304/181356.658:ERROR:process_memory_win.cc(73)] ReadMemory at 0x1f3ccb4b540 of 64 bytes failed: Only part of a ReadProcessMemory or WriteProcessMemory request was completed. (0x12B)
[0304/181356.658:ERROR:process_memory_win.cc(73)] ReadMemory at 0x1f3ccb4b590 of 62 bytes failed: Only part of a ReadProcessMemory or WriteProcessMemory request was completed. (0x12B)
[0304/181356.658:ERROR:process_memory_win.cc(73)] ReadMemory at 0x1f3ccb4b5e0 of 60 bytes failed: Only part of a ReadProcessMemory or WriteProcessMemory request was completed. (0x12B)
[0304/181356.658:ERROR:process_memory_win.cc(73)] ReadMemory at 0x1f3ccb4bb10 of 132 bytes failed: Only part of a ReadProcessMemory or WriteProcessMemory request was completed. (0x12B)
[0304/181356.658:ERROR:process_memory_win.cc(73)] ReadMemory at 0x1f3ccb4bc40 of 132 bytes failed: Only part of a ReadProcessMemory or WriteProcessMemory request was completed. (0x12B)
[0304/181356.658:ERROR:process_memory_win.cc(73)] ReadMemory at 0x1f3ccb4bd70 of 132 bytes failed: Only part of a ReadProcessMemory or WriteProcessMemory request was completed. (0x12B)
[0304/181356.658:ERROR:process_memory_win.cc(73)] ReadMemory at 0x1f3ccb4bea0 of 132 bytes failed: Only part of a ReadProcessMemory or WriteProcessMemory request was completed. (0x12B)
[0304/181356.658:ERROR:process_memory_win.cc(73)] ReadMemory at 0x1f3ccb4bfd0 of 132 bytes failed: Only part of a ReadProcessMemory or WriteProcessMemory request was completed. (0x12B)
[0304/181356.658:ERROR:process_memory_win.cc(73)] ReadMemory at 0x1f3ccb4c100 of 132 bytes failed: Only part of a ReadProcessMemory or WriteProcessMemory request was completed. (0x12B)
[0304/181356.659:ERROR:process_memory_win.cc(73)] ReadMemory at 0x1f3ccb4c230 of 132 bytes failed: Only part of a ReadProcessMemory or WriteProcessMemory request was completed. (0x12B)
[0304/181356.659:ERROR:process_memory_win.cc(73)] ReadMemory at 0x1f3ccb4c360 of 132 bytes failed: Only part of a ReadProcessMemory or WriteProcessMemory request was completed. (0x12B)
[0304/181356.659:ERROR:process_memory_win.cc(73)] ReadMemory at 0x1f3ccb4c490 of 132 bytes failed: Only part of a ReadProcessMemory or WriteProcessMemory request was completed. (0x12B)
[0304/181356.659:ERROR:process_memory_win.cc(73)] ReadMemory at 0x1f3ccb4c5c0 of 132 bytes failed: Only part of a ReadProcessMemory or WriteProcessMemory request was completed. (0x12B)
[0304/181356.659:ERROR:process_memory_win.cc(73)] ReadMemory at 0x1f3ccb4c6f0 of 132 bytes failed: Only part of a ReadProcessMemory or WriteProcessMemory request was completed. (0x12B)
[0304/181356.659:ERROR:process_memory_win.cc(73)] ReadMemory at 0x1f3ccb4c820 of 132 bytes failed: Only part of a ReadProcessMemory or WriteProcessMemory request was completed. (0x12B)
[0304/181356.659:ERROR:process_memory_win.cc(73)] ReadMemory at 0x1f3ccb4e870 of 54 bytes failed: Only part of a ReadProcessMemory or WriteProcessMemory request was completed. (0x12B)
[0304/181356.659:ERROR:process_memory_win.cc(73)] ReadMemory at 0x1f3ccb4f730 of 132 bytes failed: Only part of a ReadProcessMemory or WriteProcessMemory request was completed. (0x12B)
[0304/181356.659:ERROR:process_memory_win.cc(73)] ReadMemory at 0x1f3ccb50e60 of 132 bytes failed: Only part of a ReadProcessMemory or WriteProcessMemory request was completed. (0x12B)
[0304/181356.659:ERROR:process_memory_win.cc(73)] ReadMemory at 0x1f3ccb528d0 of 132 bytes failed: Only part of a ReadProcessMemory or WriteProcessMemory request was completed. (0x12B)
[0304/181356.659:ERROR:process_memory_win.cc(73)] ReadMemory at 0x1f3ccb55710 of 80 bytes failed: Only part of a ReadProcessMemory or WriteProcessMemory request was completed. (0x12B)
[0304/181356.659:ERROR:process_memory_win.cc(73)] ReadMemory at 0x1f3ccb55a70 of 78 bytes failed: Only part of a ReadProcessMemory or WriteProcessMemory request was completed. (0x12B)
[0304/181356.659:ERROR:process_memory_win.cc(73)] ReadMemory at 0x1f3ccb55d10 of 76 bytes failed: Only part of a ReadProcessMemory or WriteProcessMemory request was completed. (0x12B)
[0304/181356.660:ERROR:process_memory_win.cc(73)] ReadMemory at 0x1f3ccb564a0 of 60 bytes failed: Only part of a ReadProcessMemory or WriteProcessMemory request was completed. (0x12B)
[0304/181356.660:ERROR:process_memory_win.cc(73)] ReadMemory at 0x1f3ccb565e0 of 60 bytes failed: Only part of a ReadProcessMemory or WriteProcessMemory request was completed. (0x12B)
[0304/181356.660:ERROR:process_memory_win.cc(73)] ReadMemory at 0x1f3ccb56680 of 62 bytes failed: Only part of a ReadProcessMemory or WriteProcessMemory request was completed. (0x12B)
[0304/181356.660:ERROR:process_memory_win.cc(73)] ReadMemory at 0x1f3ccb566d0 of 66 bytes failed: Only part of a ReadProcessMemory or WriteProcessMemory request was completed. (0x12B)
[0304/181356.660:ERROR:process_memory_win.cc(73)] ReadMemory at 0x1f3ccb56810 of 58 bytes failed: Only part of a ReadProcessMemory or WriteProcessMemory request was completed. (0x12B)
[0304/181356.660:ERROR:process_memory_win.cc(73)] ReadMemory at 0x1f3ccb569a0 of 64 bytes failed: Only part of a ReadProcessMemory or WriteProcessMemory request was completed. (0x12B)
[0304/181356.660:ERROR:process_memory_win.cc(73)] ReadMemory at 0x1f3ccb56a40 of 62 bytes failed: Only part of a ReadProcessMemory or WriteProcessMemory request was completed. (0x12B)
[0304/181356.660:ERROR:process_memory_win.cc(73)] ReadMemory at 0x1f3ccb56b30 of 62 bytes failed: Only part of a ReadProcessMemory or WriteProcessMemory request was completed. (0x12B)
[0304/181356.660:ERROR:process_memory_win.cc(73)] ReadMemory at 0x1f3ccb56bd0 of 60 bytes failed: Only part of a ReadProcessMemory or WriteProcessMemory request was completed. (0x12B)
[0304/181356.660:ERROR:process_memory_win.cc(73)] ReadMemory at 0x1f3ccb56c20 of 62 bytes failed: Only part of a ReadProcessMemory or WriteProcessMemory request was completed. (0x12B)
[0304/181356.660:ERROR:process_memory_win.cc(73)] ReadMemory at 0x1f3ccb56cc0 of 62 bytes failed: Only part of a ReadProcessMemory or WriteProcessMemory request was completed. (0x12B)
[0304/181356.660:ERROR:process_memory_win.cc(73)] ReadMemory at 0x1f3ccb56d10 of 62 bytes failed: Only part of a ReadProcessMemory or WriteProcessMemory request was completed. (0x12B)
[0304/181356.660:ERROR:process_memory_win.cc(73)] ReadMemory at 0x1f3ccb56e50 of 62 bytes failed: Only part of a ReadProcessMemory or WriteProcessMemory request was completed. (0x12B)
[0304/181356.660:ERROR:process_memory_win.cc(73)] ReadMemory at 0x1f3ccb56f90 of 62 bytes failed: Only part of a ReadProcessMemory or WriteProcessMemory request was completed. (0x12B)
[0304/181356.661:ERROR:process_memory_win.cc(73)] ReadMemory at 0x1f3ccb56fe0 of 64 bytes failed: Only part of a ReadProcessMemory or WriteProcessMemory request was completed. (0x12B)
[0304/181356.661:ERROR:process_memory_win.cc(73)] ReadMemory at 0x1f3ccb57030 of 64 bytes failed: Only part of a ReadProcessMemory or WriteProcessMemory request was completed. (0x12B)
[0304/181356.661:ERROR:process_memory_win.cc(73)] ReadMemory at 0x1f3ccb57080 of 64 bytes failed: Only part of a ReadProcessMemory or WriteProcessMemory request was completed. (0x12B)
[0304/181356.661:ERROR:process_memory_win.cc(73)] ReadMemory at 0x1f3ccb570d0 of 60 bytes failed: Only part of a ReadProcessMemory or WriteProcessMemory request was completed. (0x12B)
[0304/181356.661:ERROR:process_memory_win.cc(73)] ReadMemory at 0x1f3ccb57190 of 132 bytes failed: Only part of a ReadProcessMemory or WriteProcessMemory request was completed. (0x12B)
[0304/181356.661:ERROR:process_memory_win.cc(73)] ReadMemory at 0x1f3ccb572c0 of 132 bytes failed: Only part of a ReadProcessMemory or WriteProcessMemory request was completed. (0x12B)
[0304/181356.661:ERROR:process_memory_win.cc(73)] ReadMemory at 0x1f3ccb573f0 of 132 bytes failed: Only part of a ReadProcessMemory or WriteProcessMemory request was completed. (0x12B)
[0304/181356.661:ERROR:process_memory_win.cc(73)] ReadMemory at 0x1f3ccb57780 of 132 bytes failed: Only part of a ReadProcessMemory or WriteProcessMemory request was completed. (0x12B)
[0304/181356.661:ERROR:process_memory_win.cc(73)] ReadMemory at 0x1f3ccb578b0 of 132 bytes failed: Only part of a ReadProcessMemory or WriteProcessMemory request was completed. (0x12B)
[0304/181356.662:ERROR:process_memory_win.cc(73)] ReadMemory at 0x1f3ccb579e0 of 132 bytes failed: Only part of a ReadProcessMemory or WriteProcessMemory request was completed. (0x12B)
[0304/181356.662:ERROR:process_memory_win.cc(73)] ReadMemory at 0x1f3ccb57b10 of 132 bytes failed: Only part of a ReadProcessMemory or WriteProcessMemory request was completed. (0x12B)
[0304/181356.662:ERROR:process_memory_win.cc(73)] ReadMemory at 0x1f3ccb57c40 of 132 bytes failed: Only part of a ReadProcessMemory or WriteProcessMemory request was completed. (0x12B)
[0304/181356.662:ERROR:process_memory_win.cc(73)] ReadMemory at 0x1f3ccb57d70 of 132 bytes failed: Only part of a ReadProcessMemory or WriteProcessMemory request was completed. (0x12B)
[0304/181356.662:ERROR:process_memory_win.cc(73)] ReadMemory at 0x1f3ccb57ea0 of 132 bytes failed: Only part of a ReadProcessMemory or WriteProcessMemory request was completed. (0x12B)
[0304/181356.662:ERROR:process_memory_win.cc(73)] ReadMemory at 0x1f3ccb57fd0 of 132 bytes failed: Only part of a ReadProcessMemory or WriteProcessMemory request was completed. (0x12B)
[0304/181356.662:ERROR:process_memory_win.cc(73)] ReadMemory at 0x1f3ccb58100 of 132 bytes failed: Only part of a ReadProcessMemory or WriteProcessMemory request was completed. (0x12B)
[0304/181356.663:ERROR:process_memory_win.cc(73)] ReadMemory at 0x1f3ccb58230 of 132 bytes failed: Only part of a ReadProcessMemory or WriteProcessMemory request was completed. (0x12B)
[0304/181356.663:ERROR:process_memory_win.cc(73)] ReadMemory at 0x1f3ccb58360 of 132 bytes failed: Only part of a ReadProcessMemory or WriteProcessMemory request was completed. (0x12B)
[0304/181356.663:ERROR:process_memory_win.cc(73)] ReadMemory at 0x1f3ccb58490 of 132 bytes failed: Only part of a ReadProcessMemory or WriteProcessMemory request was completed. (0x12B)
[0304/181356.663:ERROR:process_memory_win.cc(73)] ReadMemory at 0x1f3ccb585c0 of 132 bytes failed: Only part of a ReadProcessMemory or WriteProcessMemory request was completed. (0x12B)
[0304/181356.663:ERROR:process_memory_win.cc(73)] ReadMemory at 0x1f3ccb586f0 of 132 bytes failed: Only part of a ReadProcessMemory or WriteProcessMemory request was completed. (0x12B)
[0304/181356.663:ERROR:process_memory_win.cc(73)] ReadMemory at 0x1f3ccb58820 of 132 bytes failed: Only part of a ReadProcessMemory or WriteProcessMemory request was completed. (0x12B)
[0304/181356.663:ERROR:process_memory_win.cc(73)] ReadMemory at 0x1f3ccb58950 of 132 bytes failed: Only part of a ReadProcessMemory or WriteProcessMemory request was completed. (0x12B)
[0304/181356.663:ERROR:process_memory_win.cc(73)] ReadMemory at 0x1f3ccb58a80 of 132 bytes failed: Only part of a ReadProcessMemory or WriteProcessMemory request was completed. (0x12B)
[0304/181356.663:ERROR:process_memory_win.cc(73)] ReadMemory at 0x1f3ccb58bb0 of 132 bytes failed: Only part of a ReadProcessMemory or WriteProcessMemory request was completed. (0x12B)
[0304/181356.664:ERROR:process_memory_win.cc(73)] ReadMemory at 0x1f3ccb58ce0 of 132 bytes failed: Only part of a ReadProcessMemory or WriteProcessMemory request was completed. (0x12B)
[0304/181356.664:ERROR:process_memory_win.cc(73)] ReadMemory at 0x1f3ccb58e10 of 132 bytes failed: Only part of a ReadProcessMemory or WriteProcessMemory request was completed. (0x12B)
[0304/181356.664:ERROR:process_memory_win.cc(73)] ReadMemory at 0x1f3ccb6c520 of 66 bytes failed: Only part of a ReadProcessMemory or WriteProcessMemory request was completed. (0x12B)
[0304/181356.664:ERROR:process_memory_win.cc(73)] ReadMemory at 0x1f3ccb6c750 of 66 bytes failed: Only part of a ReadProcessMemory or WriteProcessMemory request was completed. (0x12B)
[0304/181356.664:ERROR:process_memory_win.cc(73)] ReadMemory at 0x1f3ccb6c8e0 of 62 bytes failed: Only part of a ReadProcessMemory or WriteProcessMemory request was completed. (0x12B)
[0304/181356.664:ERROR:process_memory_win.cc(73)] ReadMemory at 0x1f3ccb6cac0 of 62 bytes failed: Only part of a ReadProcessMemory or WriteProcessMemory request was completed. (0x12B)
[0304/181356.664:ERROR:process_memory_win.cc(73)] ReadMemory at 0x1f3ccb6cb10 of 58 bytes failed: Only part of a ReadProcessMemory or WriteProcessMemory request was completed. (0x12B)
[0304/181356.664:ERROR:process_memory_win.cc(73)] ReadMemory at 0x1f3ccb6cb60 of 58 bytes failed: Only part of a ReadProcessMemory or WriteProcessMemory request was completed. (0x12B)
[0304/181356.664:ERROR:process_memory_win.cc(73)] ReadMemory at 0x1f3ccb6cbb0 of 60 bytes failed: Only part of a ReadProcessMemory or WriteProcessMemory request was completed. (0x12B)
[0304/181356.664:ERROR:process_memory_win.cc(73)] ReadMemory at 0x1f3ccb6cc00 of 60 bytes failed: Only part of a ReadProcessMemory or WriteProcessMemory request was completed. (0x12B)
[0304/181356.664:ERROR:process_memory_win.cc(73)] ReadMemory at 0x1f3ccb6ce80 of 64 bytes failed: Only part of a ReadProcessMemory or WriteProcessMemory request was completed. (0x12B)
[0304/181356.664:ERROR:process_memory_win.cc(73)] ReadMemory at 0x1f3ccb6d0b0 of 66 bytes failed: Only part of a ReadProcessMemory or WriteProcessMemory request was completed. (0x12B)
[0304/181356.664:ERROR:process_memory_win.cc(73)] ReadMemory at 0x1f3ccb6d1a0 of 62 bytes failed: Only part of a ReadProcessMemory or WriteProcessMemory request was completed. (0x12B)
[0304/181356.665:ERROR:process_memory_win.cc(73)] ReadMemory at 0x1f3ccb6d1f0 of 58 bytes failed: Only part of a ReadProcessMemory or WriteProcessMemory request was completed. (0x12B)
[0304/181356.666:ERROR:process_memory_win.cc(73)] ReadMemory at 0x1f3ccb6d290 of 60 bytes failed: Only part of a ReadProcessMemory or WriteProcessMemory request was completed. (0x12B)
[0304/181356.666:ERROR:process_memory_win.cc(73)] ReadMemory at 0x1f3ccb94260 of 60 bytes failed: Only part of a ReadProcessMemory or WriteProcessMemory request was completed. (0x12B)
[0304/181356.666:ERROR:process_memory_win.cc(73)] ReadMemory at 0x1f3ccba7d10 of 132 bytes failed: Only part of a ReadProcessMemory or WriteProcessMemory request was completed. (0x12B)
[0304/181356.666:ERROR:process_memory_win.cc(73)] ReadMemory at 0x1f3ccba7e40 of 132 bytes failed: Only part of a ReadProcessMemory or WriteProcessMemory request was completed. (0x12B)
[0304/181356.666:ERROR:process_memory_win.cc(73)] ReadMemory at 0x1f3ccba7f70 of 132 bytes failed: Only part of a ReadProcessMemory or WriteProcessMemory request was completed. (0x12B)
[0304/181356.666:ERROR:process_memory_win.cc(73)] ReadMemory at 0x1f3ccba8560 of 132 bytes failed: Only part of a ReadProcessMemory or WriteProcessMemory request was completed. (0x12B)
[0304/181356.666:ERROR:process_memory_win.cc(73)] ReadMemory at 0x1f3ccba88f0 of 132 bytes failed: Only part of a ReadProcessMemory or WriteProcessMemory request was completed. (0x12B)
[0304/181356.666:ERROR:process_memory_win.cc(73)] ReadMemory at 0x1f3ccba8a20 of 132 bytes failed: Only part of a ReadProcessMemory or WriteProcessMemory request was completed. (0x12B)
[0304/181356.666:ERROR:process_memory_win.cc(73)] ReadMemory at 0x1f3ccba8db0 of 132 bytes failed: Only part of a ReadProcessMemory or WriteProcessMemory request was completed. (0x12B)
[0304/181356.666:ERROR:process_memory_win.cc(73)] ReadMemory at 0x1f3ccba93a0 of 132 bytes failed: Only part of a ReadProcessMemory or WriteProcessMemory request was completed. (0x12B)
[0304/181356.666:ERROR:process_memory_win.cc(73)] ReadMemory at 0x1f3ccba94d0 of 132 bytes failed: Only part of a ReadProcessMemory or WriteProcessMemory request was completed. (0x12B)
[0304/181356.667:ERROR:process_memory_win.cc(73)] ReadMemory at 0x1f3ccbb57c0 of 64 bytes failed: Only part of a ReadProcessMemory or WriteProcessMemory request was completed. (0x12B)
[0304/181356.667:ERROR:process_memory_win.cc(73)] ReadMemory at 0x1f3ccbb5950 of 60 bytes failed: Only part of a ReadProcessMemory or WriteProcessMemory request was completed. (0x12B)
[0304/181356.667:ERROR:process_memory_win.cc(73)] ReadMemory at 0x1f3ccbb5ea0 of 62 bytes failed: Only part of a ReadProcessMemory or WriteProcessMemory request was completed. (0x12B)
[0304/181356.667:ERROR:process_memory_win.cc(73)] ReadMemory at 0x1f3ccbb6080 of 64 bytes failed: Only part of a ReadProcessMemory or WriteProcessMemory request was completed. (0x12B)
[0304/181356.667:ERROR:process_memory_win.cc(73)] ReadMemory at 0x1f3ccbb6440 of 62 bytes failed: Only part of a ReadProcessMemory or WriteProcessMemory request was completed. (0x12B)
[0304/181356.667:ERROR:process_memory_win.cc(73)] ReadMemory at 0x1f3ccbe7000 of 58 bytes failed: Only part of a ReadProcessMemory or WriteProcessMemory request was completed. (0x12B)
[0304/181356.667:ERROR:process_memory_win.cc(73)] ReadMemory at 0x1f3ccc29790 of 64 bytes failed: Only part of a ReadProcessMemory or WriteProcessMemory request was completed. (0x12B)
[0304/181356.667:ERROR:process_memory_win.cc(73)] ReadMemory at 0x7ff939dca7b9 of 512 bytes failed: Only part of a ReadProcessMemory or WriteProcessMemory request was completed. (0x12B)
[0304/181356.667:ERROR:process_memory_win.cc(73)] ReadMemory at 0x7ff939ffb6d0 of 512 bytes failed: Only part of a ReadProcessMemory or WriteProcessMemory request was completed. (0x12B)
[0304/181356.667:ERROR:process_memory_win.cc(73)] ReadMemory at 0x7ff93cd3c6c4 of 512 bytes failed: Only part of a ReadProcessMemory or WriteProcessMemory request was completed. (0x12B)
[0304/181356.667:ERROR:process_memory_win.cc(73)] ReadMemory at 0x7ff93cdcc428 of 18 bytes failed: Only part of a ReadProcessMemory or WriteProcessMemory request was completed. (0x12B)
[0304/181356.668:ERROR:process_memory_win.cc(73)] ReadMemory at 0x7ff93cdff4f8 of 40 bytes failed: Only part of a ReadProcessMemory or WriteProcessMemory request was completed. (0x12B)
[0304/181356.668:ERROR:process_memory_win.cc(73)] ReadMemory at 0x7ff93cdff978 of 48 bytes failed: Only part of a ReadProcessMemory or WriteProcessMemory request was completed. (0x12B)
[0304/181356.668:ERROR:process_memory_win.cc(73)] ReadMemory at 0x7ff93ce053c0 of 64 bytes failed: Only part of a ReadProcessMemory or WriteProcessMemory request was completed. (0x12B)
[0304/181356.669:ERROR:scoped_process_suspend.cc(40)] NtResumeProcess: An attempt was made to access an exiting process. (0xc000010a)
